\BOOKMARK [1][-]{section.1}{Introducci\363n}{}% 1
\BOOKMARK [2][-]{subsection.1.1}{Entrega}{section.1}% 2
\BOOKMARK [2][-]{subsection.1.2}{Requisitos y Modo de uso}{section.1}% 3
\BOOKMARK [1][-]{section.2}{Desarrollo}{}% 4
\BOOKMARK [2][-]{subsection.2.1}{Lexer}{section.2}% 5
\BOOKMARK [2][-]{subsection.2.2}{Parser}{section.2}% 6
\BOOKMARK [3][-]{subsubsection.2.2.1}{Gram\341tica}{subsection.2.2}% 7
\BOOKMARK [3][-]{subsubsection.2.2.2}{TDS - Atributos}{subsection.2.2}% 8
\BOOKMARK [3][-]{subsubsection.2.2.3}{TDS - Type-Checking}{subsection.2.2}% 9
\BOOKMARK [3][-]{subsubsection.2.2.4}{TDS - Consideraciones Sem\341nticas}{subsection.2.2}% 10
\BOOKMARK [3][-]{subsubsection.2.2.5}{Impresi\363n}{subsection.2.2}% 11
\BOOKMARK [2][-]{subsection.2.3}{Limitaciones Conocidas}{section.2}% 12
\BOOKMARK [1][-]{section.3}{Resultados}{}% 13
\BOOKMARK [2][-]{subsection.3.1}{Testing}{section.3}% 14
\BOOKMARK [2][-]{subsection.3.2}{Conclusi\363n}{section.3}% 15
\BOOKMARK [1][-]{section.4}{Ap\351ndice - C\363digo}{}% 16
\BOOKMARK [2][-]{subsection.4.1}{Bash Script SLSParser}{section.4}% 17
\BOOKMARK [2][-]{subsection.4.2}{lexer.py}{section.4}% 18
\BOOKMARK [2][-]{subsection.4.3}{lexer\137rules.py}{section.4}% 19
\BOOKMARK [2][-]{subsection.4.4}{parser.py}{section.4}% 20
\BOOKMARK [2][-]{subsection.4.5}{parser\137rules.py}{section.4}% 21
\BOOKMARK [1][-]{section.5}{Bibliograf\355a}{}% 22
